This file contains any messages produced by compilers while
running configure, to aid debugging if configure makes a mistake.

It was created by FoX configure 4.1.2, which was
generated by GNU Autoconf 2.61.  Invocation command line was

  $ ./configure --enable-wcml --enable-wxml FC=g95  FCFLAGS=-O  -I..   LDFLAGS=  

## --------- ##
## Platform. ##
## --------- ##

hostname = jason-Pangolin-Performance
uname -m = x86_64
uname -r = 3.0.0-22-generic
uname -s = Linux
uname -v = #36-Ubuntu SMP Tue Jun 12 17:37:42 UTC 2012

/usr/bin/uname -p = unknown
/bin/uname -X     = unknown

/bin/arch              = unknown
/usr/bin/arch -k       = unknown
/usr/convex/getsysinfo = unknown
/usr/bin/hostinfo      = unknown
/bin/machine           = unknown
/usr/bin/oslevel       = unknown
/bin/universe          = unknown

PATH: /home/jason/lammps/lammps-2Nov10/src
PATH: /opt/Zotero_linux-x86_64
PATH: /usr/local/MATLAB/R2011a/bin
PATH: /usr/lib/lightdm/lightdm
PATH: /usr/local/sbin
PATH: /usr/local/bin
PATH: /usr/sbin
PATH: /usr/bin
PATH: /sbin
PATH: /bin
PATH: /usr/games


## ----------- ##
## Core tests. ##
## ----------- ##

configure:1750: checking build system type
configure:1768: result: x86_64-unknown-linux-gnu
configure:1790: checking host system type
configure:1805: result: x86_64-unknown-linux-gnu
configure:1942: checking for Fortran compiler version
configure:1945: g95  --version </dev/null >&5
G95 (GCC 4.1.2 (g95 0.93!) Jun 16 2010)
Copyright (C) 2002-2008 Free Software Foundation, Inc.

G95 comes with NO WARRANTY, to the extent permitted by law.
You may redistribute copies of G95
under the terms of the GNU General Public License.
For more information about these matters, see the file named COPYING
configure:1948: $? = 0
configure:1950: g95  -v </dev/null >&5
Using built-in specs.
Target: 
Configured with: ../configure --enable-languages=c --disable-multilib
Thread model: posix
gcc version 4.1.2 (g95 0.93!) Jun 16 2010
configure:1953: $? = 0
configure:1955: g95  -V </dev/null >&5
g95: '-V' option must have argument
configure:1958: $? = 1
configure:1971: checking for linker flag to name executables
configure:1979: $FC $ac_link_obj_flag""conftest$ac_exeext $FCFLAGS $LDFLAGS $FCFLAGS_SRCEXT conftest.$ac_ext $LIBS >&5
g95: /exe:conftest: No such file or directory
configure:1982: $? = 1
configure:1979: $FC $ac_link_obj_flag""conftest$ac_exeext $FCFLAGS $LDFLAGS $FCFLAGS_SRCEXT conftest.$ac_ext $LIBS >&5
g95: conftest: No such file or directory
configure:1982: $? = 1
configure:1979: $FC $ac_link_obj_flag""conftest$ac_exeext $FCFLAGS $LDFLAGS $FCFLAGS_SRCEXT conftest.$ac_ext $LIBS >&5
configure:1982: $? = 0
configure:1997: result: -o 
configure:2003: checking for Fortran compiler default output file name
configure:2030: $FC $ac_link_obj_flag""conftest$ac_exeext $FCFLAGS $LDFLAGS $FCFLAGS_SRCEXT conftest.$ac_ext $LIBS >&5
configure:2033: $? = 0
configure:2079: result: conftest
configure:2084: checking whether the Fortran compiler works
configure:2094: ./conftest
configure:2097: $? = 0
configure:2114: result: yes
configure:2121: checking whether we are cross compiling
configure:2123: result: no
configure:2126: checking for suffix of executables
configure:2133: $FC $ac_link_obj_flag""conftest$ac_exeext $FCFLAGS $LDFLAGS $FCFLAGS_SRCEXT conftest.$ac_ext $LIBS >&5
configure:2136: $? = 0
configure:2160: result: 
configure:2166: checking for suffix of object files
configure:2182: g95  -c -O  -I..    conftest.f >&5
configure:2185: $? = 0
configure:2208: result: o
configure:2216: checking whether we are using the GNU Fortran compiler
configure:2235: g95  -c -O  -I..    conftest.F >&5
configure:2241: $? = 0
configure:2258: result: yes
configure:2264: checking whether g95  accepts -g
configure:2281: g95  -c -g  conftest.f >&5
configure:2287: $? = 0
configure:2303: result: yes
configure:2332: checking for Fortran flag needed to allow free-form source for .f90 suffix
configure:2359: g95  -c -O  -I..    conftest.f90 >&5
configure:2365: $? = 0
configure:2384: result: none
configure:2459: checking for gcc
configure:2475: found /usr/bin/gcc
configure:2486: result: gcc
configure:2724: checking for C compiler version
configure:2731: gcc --version >&5
gcc (Ubuntu/Linaro 4.6.1-9ubuntu3) 4.6.1
Copyright (C) 2011 Free Software Foundation, Inc.
This is free software; see the source for copying conditions.  There is NO
warranty; not even for MERCHANTABILITY or FITNESS FOR A PARTICULAR PURPOSE.

configure:2734: $? = 0
configure:2741: gcc -v >&5
Using built-in specs.
COLLECT_GCC=gcc
COLLECT_LTO_WRAPPER=/usr/lib/gcc/x86_64-linux-gnu/4.6.1/lto-wrapper
Target: x86_64-linux-gnu
Configured with: ../src/configure -v --with-pkgversion='Ubuntu/Linaro 4.6.1-9ubuntu3' --with-bugurl=file:///usr/share/doc/gcc-4.6/README.Bugs --enable-languages=c,c++,fortran,objc,obj-c++,go --prefix=/usr --program-suffix=-4.6 --enable-shared --enable-linker-build-id --with-system-zlib --libexecdir=/usr/lib --without-included-gettext --enable-threads=posix --with-gxx-include-dir=/usr/include/c++/4.6 --libdir=/usr/lib --enable-nls --with-sysroot=/ --enable-clocale=gnu --enable-libstdcxx-debug --enable-libstdcxx-time=yes --enable-plugin --enable-objc-gc --disable-werror --with-arch-32=i686 --with-tune=generic --enable-checking=release --build=x86_64-linux-gnu --host=x86_64-linux-gnu --target=x86_64-linux-gnu
Thread model: posix
gcc version 4.6.1 (Ubuntu/Linaro 4.6.1-9ubuntu3) 
configure:2744: $? = 0
configure:2751: gcc -V >&5
gcc: error: unrecognized option '-V'
gcc: fatal error: no input files
compilation terminated.
configure:2754: $? = 4
configure:2757: checking whether we are using the GNU C compiler
configure:2786: gcc -c   conftest.c >&5
configure:2792: $? = 0
configure:2809: result: yes
configure:2814: checking whether gcc accepts -g
configure:2844: gcc -c -g  conftest.c >&5
configure:2850: $? = 0
configure:2949: result: yes
configure:2966: checking for gcc option to accept ISO C89
configure:3040: gcc  -c -g -O2  conftest.c >&5
configure:3046: $? = 0
configure:3069: result: none needed
configure:3167: checking for fixed form Fortran preprocessor features
configure:3201: g95  -c   -O  -I..   conftest.F >&5
configure:3207: $? = 0
configure:3321: ${FC-fc} $ac_link_obj_flag""conftest${ac_exeext} $FPPFLAGS $FPPFLAGS_SRCEXT $FCFLAGS $LDFLAGS conftest.$ac_ext $LIBS >&5
configure:3327: $? = 0
configure:3321: ${FC-fc} $ac_link_obj_flag""conftest${ac_exeext} $FPPFLAGS $FPPFLAGS_SRCEXT $FCFLAGS $LDFLAGS conftest.$ac_ext $LIBS >&5
f951: error: unrecognized command line option "-WF,-DOK"
configure:3327: $? = 1
configure: failed program was:
| 
|       program main
| 
| #ifndef OK
|       syntax error
| #endif
| 
|       end
configure:3321: ${FC-fc} $ac_link_obj_flag""conftest${ac_exeext} $FPPFLAGS $FPPFLAGS_SRCEXT $FCFLAGS $LDFLAGS conftest.$ac_ext $LIBS >&5
g95: /DOK: No such file or directory
In file conftest.F:5

      syntax error
      1
Error: Unclassifiable statement at (1)
configure:3327: $? = 1
configure: failed program was:
| 
|       program main
| 
| #ifndef OK
|       syntax error
| #endif
| 
|       end
configure:3379: ${FC-fc} $ac_link_obj_flag""conftest${ac_exeext} $FPPFLAGS $FPPFLAGS_SRCEXT $FCFLAGS $LDFLAGS conftest.$ac_ext $LIBS >&5
configure:3385: $? = 0
configure:3542: ${FC-fc} $ac_link_obj_flag""conftest${ac_exeext} $FPPFLAGS $FPPFLAGS_SRCEXT $FCFLAGS $LDFLAGS conftest.$ac_ext $LIBS >&5
configure:3548: $? = 0
configure:3573: result: done.
configure:3577: checking whether g95  compiles programs with cpp directives
configure:3584: result: yes
configure:3590: checking whether g95  accepts -D
configure:3597: result: yes
configure:3602: checking whether g95  accepts -I
configure:3609: result: yes
configure:3642: checking whether g95  fulfils requested features
configure:3649: result: yes
configure:3653: checking preprocessing mode we may therefore use
configure:3659: result: direct
configure:4866: checking for Fortran flag needed to allow free-form preprocessed source for .F90 suffix
configure:4901: g95  -c -O  -I..    conftest.F90 >&5
configure:4907: $? = 0
configure:4929: result: none
configure:5016: checking for ranlib
configure:5032: found /usr/bin/ranlib
configure:5043: result: ranlib
configure:5165: g95  seems to be a G95 compiler
configure:5318: checking for kind number produced by kind(1.0)
In file conftest.f:5

      real(kind=mysp), pointer :: y
                1
Error: Kind 1 not supported for type REAL at (1)
In file conftest.f:5

      real(kind=mysp), pointer :: y
                1
Error: Kind 2 not supported for type REAL at (1)
In file conftest.f:5

      real(kind=mysp), pointer :: y
                1
Error: Kind 3 not supported for type REAL at (1)
configure:5364: result: 4
configure:5375: checking for kind number produced by kind(1.0d0)
In file conftest.f:5

      real(kind=mysp), pointer :: y
                1
Error: Kind 1 not supported for type REAL at (1)
In file conftest.f:5

      real(kind=mysp), pointer :: y
                1
Error: Kind 2 not supported for type REAL at (1)
In file conftest.f:5

      real(kind=mysp), pointer :: y
                1
Error: Kind 3 not supported for type REAL at (1)
In file conftest.f:6

      y=>x
      1
Error: Different types in pointer assignment at (1)
In file conftest.f:5

      real(kind=mysp), pointer :: y
                1
Error: Kind 5 not supported for type REAL at (1)
In file conftest.f:5

      real(kind=mysp), pointer :: y
                1
Error: Kind 6 not supported for type REAL at (1)
In file conftest.f:5

      real(kind=mysp), pointer :: y
                1
Error: Kind 7 not supported for type REAL at (1)
configure:5421: result: 8
configure:5432: checking for kind number produced by selected_real_kind(6,34)
In file conftest.f:5

      real(kind=mysp), pointer :: y
                1
Error: Kind 1 not supported for type REAL at (1)
In file conftest.f:5

      real(kind=mysp), pointer :: y
                1
Error: Kind 2 not supported for type REAL at (1)
In file conftest.f:5

      real(kind=mysp), pointer :: y
                1
Error: Kind 3 not supported for type REAL at (1)
configure:5478: result: 4
configure:5489: checking for kind number produced by selected_real_kind(15,300)
In file conftest.f:5

      real(kind=mysp), pointer :: y
                1
Error: Kind 1 not supported for type REAL at (1)
In file conftest.f:5

      real(kind=mysp), pointer :: y
                1
Error: Kind 2 not supported for type REAL at (1)
In file conftest.f:5

      real(kind=mysp), pointer :: y
                1
Error: Kind 3 not supported for type REAL at (1)
In file conftest.f:6

      y=>x
      1
Error: Different types in pointer assignment at (1)
In file conftest.f:5

      real(kind=mysp), pointer :: y
                1
Error: Kind 5 not supported for type REAL at (1)
In file conftest.f:5

      real(kind=mysp), pointer :: y
                1
Error: Kind 6 not supported for type REAL at (1)
In file conftest.f:5

      real(kind=mysp), pointer :: y
                1
Error: Kind 7 not supported for type REAL at (1)
configure:5535: result: 8
configure:5561: checking how to compile a call to FLUSH
configure:5578: $FC $ac_link_obj_flag""conftest$ac_exeext $FCFLAGS $LDFLAGS $FCFLAGS_SRCEXT conftest.$ac_ext $LIBS >&5
configure:5584: $? = 0
configure:5720: result: default
configure:5732: checking how to compile a call to ABORT
configure:5749: $FC $ac_link_obj_flag""conftest$ac_exeext $FCFLAGS $LDFLAGS $FCFLAGS_SRCEXT conftest.$ac_ext $LIBS >&5
configure:5755: $? = 0
configure:5926: result: with argument
configure:5945: checking for EOR character used by g95 
configure:5964: $FC $ac_link_obj_flag""conftest$ac_exeext $FCFLAGS $LDFLAGS $FCFLAGS_SRCEXT conftest.$ac_ext $LIBS >&5
configure:5967: $? = 0
configure:5973: ./conftest
configure:5976: $? = 0
configure:6013: result: LF
configure:6025: checking for ASSOCIATED in restricted expression bug
configure:6047: g95  -c -O  -I..     conftest.f >&5
configure:6053: $? = 0
configure:6058: result: no
configure:6109: checking for a BSD-compatible install
configure:6165: result: /usr/bin/install -c
configure:6176: checking for a thread-safe mkdir -p
configure:6215: result: /bin/mkdir -p
configure:6237: checking for flag to alter module search path
configure:6247: g95  -c -O  -I..     conftest.f >&5
configure:6253: $? = 0
configure:6275: g95  -c -O  -I..    /Iconftestdir  conftest.f >&5
g95: /Iconftestdir: No such file or directory
In file conftest.f:3

       use conftest
                   1
Fatal Error: Can't open module file 'conftest.mod' at (1) for reading: No such file or directory
configure:6281: $? = 1
configure: failed program was:
| 
|       subroutine test
|        use conftest
|        implicit none
|        i = 0
|       end subroutine test
| 
configure:6275: g95  -c -O  -I..    -Iconftestdir  conftest.f >&5
configure:6281: $? = 0
configure:6298: result: -I
configure:6318: g95  -c -O  -I..     conftest.f >&5
configure:6324: $? = 0
configure:6326: checking for suffix of module files
configure:6362: result: mod
configure:6364: checking whether module filenames are uppercased
configure:6366: result: no
configure:6511: creating ./config.status

## ---------------------- ##
## Running config.status. ##
## ---------------------- ##

This file was extended by FoX config.status 4.1.2, which was
generated by GNU Autoconf 2.61.  Invocation command line was

  CONFIG_FILES    = 
  CONFIG_HEADERS  = 
  CONFIG_LINKS    = 
  CONFIG_COMMANDS = 
  $ ./config.status 

on jason-Pangolin-Performance

config.status:616: creating arch.make
config.status:616: creating FoX-config

## ---------------- ##
## Cache variables. ##
## ---------------- ##

ac_cv_FC_check_output_eol=LF
ac_cv_build=x86_64-unknown-linux-gnu
ac_cv_c_compiler_gnu=yes
ac_cv_env_CC_set=
ac_cv_env_CC_value=
ac_cv_env_CFLAGS_set=
ac_cv_env_CFLAGS_value=
ac_cv_env_CPPFLAGS_set=
ac_cv_env_CPPFLAGS_value=
ac_cv_env_CPP_set=
ac_cv_env_CPP_value=
ac_cv_env_FCFLAGS_set=set
ac_cv_env_FCFLAGS_value='-O  -I..  '
ac_cv_env_FC_set=set
ac_cv_env_FC_value='g95 '
ac_cv_env_FPPFLAGS_set=
ac_cv_env_FPPFLAGS_value=
ac_cv_env_FPP_set=
ac_cv_env_FPP_value=
ac_cv_env_LDFLAGS_set=set
ac_cv_env_LDFLAGS_value='  '
ac_cv_env_LIBS_set=
ac_cv_env_LIBS_value=
ac_cv_env_build_alias_set=
ac_cv_env_build_alias_value=
ac_cv_env_host_alias_set=
ac_cv_env_host_alias_value=
ac_cv_env_target_alias_set=
ac_cv_env_target_alias_value=
ac_cv_fc_compiler_gnu=yes
ac_cv_fc_freeform_f90=none
ac_cv_fc_mod_path_flag=-I
ac_cv_fc_real_kind_dp=8
ac_cv_fc_real_kind_ieee_dp=8
ac_cv_fc_real_kind_ieee_sp=4
ac_cv_fc_real_kind_sp=4
ac_cv_fpp_build_rule=direct
ac_cv_fpp_fixedform_F=none
ac_cv_fpp_freeform_F90=none
ac_cv_host=x86_64-unknown-linux-gnu
ac_cv_objext=o
ac_cv_path_install='/usr/bin/install -c'
ac_cv_path_mkdir=/bin/mkdir
ac_cv_prog_ac_ct_CC=gcc
ac_cv_prog_ac_ct_RANLIB=ranlib
ac_cv_prog_cc_c89=
ac_cv_prog_cc_g=yes
ac_cv_prog_fc_cpp=yes
ac_cv_prog_fc_cpp_d=yes
ac_cv_prog_fc_cpp_i=yes
ac_cv_prog_fc_cpp_ok=yes
ac_cv_prog_fc_g=yes

## ----------------- ##
## Output variables. ##
## ----------------- ##

BUILD_TARGETS='wxml_lib wcml_lib   '
CC='gcc'
CFLAGS='-g -O2'
CPP=''
CPPFLAGS=''
CYGPATH_W='echo'
DEFS='-DPACKAGE_NAME=\"FoX\" -DPACKAGE_TARNAME=\"fox\" -DPACKAGE_VERSION=\"4.1.2\" -DPACKAGE_STRING=\"FoX\ 4.1.2\" -DPACKAGE_BUGREPORT=\"a.walker@ucl.ac.uk\"'
DP_KIND='8'
ECHO_C=''
ECHO_N='-n'
ECHO_T=''
EXEEXT=''
F90_RULE='$(FC) -c $(FFLAGS) $(INCFLAGS) $(FPPFLAGS) $(FPPFLAGS_free_F90) $< '
FC='g95 '
FCFLAGS='-O  -I..   '
FCFLAGS_free_f90=''
FC_MODEXT='mod'
FC_MODUPPERCASE='no'
FC_MOD_FLAG='-I'
FFLAGS=''
FFLAGS_MPI=''
FPP=''
FPPDIRECT_FALSE='#'
FPPDIRECT_TRUE=''
FPPFLAGS=' -DFC_HAVE_FLUSH -DFC_HAVE_ABORT -DFC_ABORT_ARG -DFC_EOR_LF'
FPPFLAGS_DEF='-D'
FPPFLAGS_fixed_F=''
FPPFLAGS_free_F90=''
FPP_COMPILE_EXT='f90'
FPP_MAKE_FLAGS='$(DEFS) $(DEFAULT_INCLUDES) $(INCLUDES) $(CPPFLAGS)'
FPP_OUTPUT=' '
FPP_PREPROCESS_EXT='F90'
INSTALL_DATA='${INSTALL} -m 644'
INSTALL_PROGRAM='${INSTALL}'
INSTALL_SCRIPT='${INSTALL}'
LDFLAGS='  '
LIBEXT='a'
LIBOBJS=''
LIBS=''
LINK_O_FLAG='-o '
LTLIBOBJS=''
OBJEXT='o'
OBJSDIR='/home/jason/gulp/gulp.4.0.5/gulp-4.0.5/Src/FoX-4.1.2/objs'
PACKAGE_BUGREPORT='a.walker@ucl.ac.uk'
PACKAGE_NAME='FoX'
PACKAGE_STRING='FoX 4.1.2'
PACKAGE_TARNAME='fox'
PACKAGE_VERSION='4.1.2'
PATH_SEPARATOR=':'
RANLIB='ranlib'
SHELL='/bin/bash'
SP_KIND='4'
VPATH=''
ac_ct_CC='gcc'
ac_ct_FC=''
bindir='${exec_prefix}/bin'
build='x86_64-unknown-linux-gnu'
build_alias=''
build_cpu='x86_64'
build_os='linux-gnu'
build_vendor='unknown'
datadir='${datarootdir}'
datarootdir='${prefix}/share'
docdir='${datarootdir}/doc/${PACKAGE_TARNAME}'
dvidir='${docdir}'
exec_prefix='${prefix}'
host='x86_64-unknown-linux-gnu'
host_alias=''
host_cpu='x86_64'
host_os='linux-gnu'
host_vendor='unknown'
htmldir='${docdir}'
includedir='${prefix}/include'
infodir='${datarootdir}/info'
libdir='${exec_prefix}/lib'
libexecdir='${exec_prefix}/libexec'
localedir='${datarootdir}/locale'
localstatedir='${prefix}/var'
mandir='${datarootdir}/man'
oldincludedir='/usr/include'
pdfdir='${docdir}'
prefix='/usr/local'
program_transform_name='s,x,x,'
psdir='${docdir}'
sbindir='${exec_prefix}/sbin'
sharedstatedir='${prefix}/com'
sysconfdir='${prefix}/etc'
target_alias=''

## ----------- ##
## confdefs.h. ##
## ----------- ##

#define PACKAGE_NAME "FoX"
#define PACKAGE_TARNAME "fox"
#define PACKAGE_VERSION "4.1.2"
#define PACKAGE_STRING "FoX 4.1.2"
#define PACKAGE_BUGREPORT "a.walker@ucl.ac.uk"

configure: exit 0
